<?xml version="1.0" encoding="UTF-8"?>
<testng-results skipped="0" failed="0" ignored="0" total="1" passed="1">
  <reporter-output>
    <line>
      <![CDATA[Setting Up report and Test is getting ready]]>
    </line>
    <line>
      <![CDATA[Setting done and Test can be Started]]>
    </line>
    <line>
      <![CDATA[Start browser]]>
    </line>
    <line>
      <![CDATA[Now application running]]>
    </line>
    <line>
      <![CDATA[Test is about to end]]>
    </line>
    <line>
      <![CDATA[Test Completed]]>
    </line>
  </reporter-output>
  <suite name="Default suite" duration-ms="7676" started-at="2020-06-28T07:23:21Z" finished-at="2020-06-28T07:23:28Z">
    <groups>
    </groups>
    <test name="Default test" duration-ms="7676" started-at="2020-06-28T07:23:21Z" finished-at="2020-06-28T07:23:28Z">
      <class name="com.learnautomation.TestCases.LoginTestCRM">
        <test-method status="PASS" signature="setUpSuite()[pri:0, instance:com.learnautomation.TestCases.LoginTestCRM@4eb7f003]" name="setUpSuite" is-config="true" duration-ms="735" started-at="2020-06-28T12:53:20Z" finished-at="2020-06-28T12:53:21Z">
          <reporter-output>
            <line>
              <![CDATA[Setting Up report and Test is getting ready]]>
            </line>
            <line>
              <![CDATA[Setting done and Test can be Started]]>
            </line>
          </reporter-output>
        </test-method> <!-- setUpSuite -->
        <test-method status="PASS" signature="setup()[pri:0, instance:com.learnautomation.TestCases.LoginTestCRM@4eb7f003]" name="setup" is-config="true" duration-ms="5489" started-at="2020-06-28T12:53:21Z" finished-at="2020-06-28T12:53:26Z">
          <reporter-output>
            <line>
              <![CDATA[Start browser]]>
            </line>
            <line>
              <![CDATA[Now application running]]>
            </line>
          </reporter-output>
        </test-method> <!-- setup -->
        <test-method status="PASS" signature="loginApp()[pri:0, instance:com.learnautomation.TestCases.LoginTestCRM@4eb7f003]" name="loginApp" duration-ms="1249" started-at="2020-06-28T12:53:26Z" finished-at="2020-06-28T12:53:27Z">
          <reporter-output>
          </reporter-output>
        </test-method> <!-- loginApp -->
        <test-method status="PASS" signature="teardownMethod(org.testng.ITestResult)[pri:0, instance:com.learnautomation.TestCases.LoginTestCRM@4eb7f003]" name="teardownMethod" is-config="true" duration-ms="829" started-at="2020-06-28T12:53:27Z" finished-at="2020-06-28T12:53:28Z">
          <params>
            <param index="0">
              <value>
                <![CDATA[[TestResult name=loginApp status=SUCCESS method=LoginTestCRM.loginApp()[pri:0, instance:com.learnautomation.TestCases.LoginTestCRM@4eb7f003] output={null}]]]>
              </value>
            </param>
          </params>
          <reporter-output>
            <line>
              <![CDATA[Test is about to end]]>
            </line>
            <line>
              <![CDATA[Test Completed]]>
            </line>
          </reporter-output>
        </test-method> <!-- teardownMethod -->
        <test-method status="PASS" signature="teardown()[pri:0, instance:com.learnautomation.TestCases.LoginTestCRM@4eb7f003]" name="teardown" is-config="true" duration-ms="87" started-at="2020-06-28T12:53:28Z" finished-at="2020-06-28T12:53:28Z">
          <reporter-output>
          </reporter-output>
        </test-method> <!-- teardown -->
      </class> <!-- com.learnautomation.TestCases.LoginTestCRM -->
    </test> <!-- Default test -->
  </suite> <!-- Default suite -->
</testng-results>
