<?xml version="1.0" encoding="UTF-8"?>
<testng-results skipped="0" failed="0" ignored="0" total="1" passed="1">
  <reporter-output>
    <line>
      <![CDATA[Setting Up report and Test is getting ready]]>
    </line>
    <line>
      <![CDATA[Setting done and Test can be Started]]>
    </line>
    <line>
      <![CDATA[Start browser]]>
    </line>
    <line>
      <![CDATA[Now application running]]>
    </line>
    <line>
      <![CDATA[Test is about to end]]>
    </line>
    <line>
      <![CDATA[Test Completed]]>
    </line>
  </reporter-output>
  <suite name="Suite" duration-ms="6234" started-at="2020-06-30T17:44:10Z" finished-at="2020-06-30T17:44:16Z">
    <groups>
    </groups>
    <test name="Test" duration-ms="6234" started-at="2020-06-30T17:44:10Z" finished-at="2020-06-30T17:44:16Z">
      <class name="com.learnautomation.TestCases.LoginTestCRM">
        <test-method status="PASS" signature="setUpSuite()[pri:0, instance:com.learnautomation.TestCases.LoginTestCRM@60addb54]" name="setUpSuite" is-config="true" duration-ms="838" started-at="2020-06-30T23:14:09Z" finished-at="2020-06-30T23:14:10Z">
          <reporter-output>
            <line>
              <![CDATA[Setting Up report and Test is getting ready]]>
            </line>
            <line>
              <![CDATA[Setting done and Test can be Started]]>
            </line>
          </reporter-output>
        </test-method> <!-- setUpSuite -->
        <test-method status="PASS" signature="setup()[pri:0, instance:com.learnautomation.TestCases.LoginTestCRM@60addb54]" name="setup" is-config="true" duration-ms="4220" started-at="2020-06-30T23:14:10Z" finished-at="2020-06-30T23:14:14Z">
          <reporter-output>
            <line>
              <![CDATA[Start browser]]>
            </line>
            <line>
              <![CDATA[Now application running]]>
            </line>
          </reporter-output>
        </test-method> <!-- setup -->
        <test-method status="PASS" signature="loginApp()[pri:0, instance:com.learnautomation.TestCases.LoginTestCRM@60addb54]" name="loginApp" duration-ms="1065" started-at="2020-06-30T23:14:14Z" finished-at="2020-06-30T23:14:15Z">
          <reporter-output>
          </reporter-output>
        </test-method> <!-- loginApp -->
        <test-method status="PASS" signature="teardownMethod(org.testng.ITestResult)[pri:0, instance:com.learnautomation.TestCases.LoginTestCRM@60addb54]" name="teardownMethod" is-config="true" duration-ms="802" started-at="2020-06-30T23:14:15Z" finished-at="2020-06-30T23:14:16Z">
          <params>
            <param index="0">
              <value>
                <![CDATA[[TestResult name=loginApp status=SUCCESS method=LoginTestCRM.loginApp()[pri:0, instance:com.learnautomation.TestCases.LoginTestCRM@60addb54] output={null}]]]>
              </value>
            </param>
          </params>
          <reporter-output>
            <line>
              <![CDATA[Test is about to end]]>
            </line>
            <line>
              <![CDATA[Test Completed]]>
            </line>
          </reporter-output>
        </test-method> <!-- teardownMethod -->
        <test-method status="PASS" signature="teardown()[pri:0, instance:com.learnautomation.TestCases.LoginTestCRM@60addb54]" name="teardown" is-config="true" duration-ms="129" started-at="2020-06-30T23:14:16Z" finished-at="2020-06-30T23:14:16Z">
          <reporter-output>
          </reporter-output>
        </test-method> <!-- teardown -->
      </class> <!-- com.learnautomation.TestCases.LoginTestCRM -->
    </test> <!-- Test -->
  </suite> <!-- Suite -->
</testng-results>
